nohup: ignoring input
⬥ Injecting environment variable values for all scopes
⬥ Ignored general context env var: LANG (defined in process)
⬥ Injected netlify.toml file env vars: NODE_VERSION
⬥ Injected .env file env vars: EMAILJS_SERVICE_ID, EMAILJS_TEMPLATE_ID, EMAILJS_AUTO_REPLY_TEMPLATE_ID, EMAILJS_PUBLIC_KEY
⬥ No app server detected. Using simple static server
⬥ Running static server from "boundless-edge/dist/spa"
⬥ Setting up local dev server

⬥ Static server listening to 3999

   ╭─────────────────────── ⬥  ────────────────────────╮
   │                                                   │
   │   Local dev server ready: http://localhost:8888   │
   │                                                   │
   ╰───────────────────────────────────────────────────╯

⬥ Loaded function contact in Lambda compatibility mode (https://ntl.fyi/lambda-compat)
⬥ Loaded function apply-tvet in Lambda compatibility mode (https://ntl.fyi/lambda-compat)
Request from ::1: POST /.netlify/functions/contact

⬥ Function contact has returned an error: Missing API key. Pass it to the constructor `new Resend("re_123")`
    at new Resend (/home/akonimayowa/projects/boundless-edge/node_modules/resend/dist/index.mjs:543:15)
    at Object.<anonymous> (/home/akonimayowa/projects/boundless-edge/netlify/functions/contact.ts:4:16)
    at Module._compile (node:internal/modules/cjs/loader:1364:14)
    at Object.Module._extensions..js (node:internal/modules/cjs/loader:1422:10)
    at Module.load (node:internal/modules/cjs/loader:1203:32)
    at Function.Module._load (node:internal/modules/cjs/loader:1019:12)
    at Module.require (node:internal/modules/cjs/loader:1231:19)
    at require (node:internal/modules/helpers:177:18)
    at Object.<anonymous> (/home/akonimayowa/projects/boundless-edge/.netlify/functions-serve/contact/contact.js:1:18)
    at Module._compile (node:internal/modules/cjs/loader:1364:14)

Response with status 500 in 44 ms.
Request from ::1: POST /.netlify/functions/contact

⬥ Function contact has returned an error: Missing API key. Pass it to the constructor `new Resend("re_123")`
    at new Resend (/home/akonimayowa/projects/boundless-edge/node_modules/resend/dist/index.mjs:543:15)
    at Object.<anonymous> (/home/akonimayowa/projects/boundless-edge/netlify/functions/contact.ts:4:16)
    at Module._compile (node:internal/modules/cjs/loader:1364:14)
    at Object.Module._extensions..js (node:internal/modules/cjs/loader:1422:10)
    at Module.load (node:internal/modules/cjs/loader:1203:32)
    at Function.Module._load (node:internal/modules/cjs/loader:1019:12)
    at Module.require (node:internal/modules/cjs/loader:1231:19)
    at require (node:internal/modules/helpers:177:18)
    at Object.<anonymous> (/home/akonimayowa/projects/boundless-edge/.netlify/functions-serve/contact/contact.js:1:18)
    at Module._compile (node:internal/modules/cjs/loader:1364:14)

Response with status 500 in 8 ms.
